02:00:13 - services.clubs       - INFO     - Добавление клуба с игроками
02:00:13 - services.clubs       - INFO     - Создано игроков: 1
02:00:13 - services.clubs       - INFO     - Клуб добавлен: name=ЦСКА
19:05:14 - services.clubs       - INFO     - Запрос информации о клубах
19:05:14 - services.clubs       - INFO     - Получено клубов: 5
19:06:11 - services.clubs       - INFO     - Удаление объекта: ID=97985fb3-c178-4732-b7a7-c7f2d20d3e9b
19:11:51 - services.clubs       - INFO     - Запрос информации о клубах
19:11:51 - services.clubs       - INFO     - Получено клубов: 5
19:12:17 - services.clubs       - INFO     - Удаление объекта: ID=97985fb3-c178-4732-b7a7-c7f2d20d3e9b
20:50:44 - services.clubs       - INFO     - Удаление объекта: ID=97985fb3-c178-4732-b7a7-c7f2d20d3e9b
20:51:48 - services.clubs       - INFO     - Удаление объекта: ID=97985fb3-c178-4732-b7a7-c7f2d20d3e9b
20:53:03 - services.clubs       - INFO     - Удаление объекта: ID=97985fb3-c178-4732-b7a7-c7f2d20d3e9b
20:53:03 - services.clubs       - INFO     - Найден клуб для удаления: ID=97985fb3-c178-4732-b7a7-c7f2d20d3e9b
20:56:00 - services.clubs       - INFO     - Удаление объекта: ID=97985fb3-c178-4732-b7a7-c7f2d20d3e9b
20:56:00 - services.clubs       - INFO     - Найден игрок для удаления: ID=97985fb3-c178-4732-b7a7-c7f2d20d3e9b
20:56:00 - services.clubs       - INFO     - Игрок удален: ID=97985fb3-c178-4732-b7a7-c7f2d20d3e9b
21:01:55 - services.exchange    - INFO     - Запрос информации о биржах
21:01:55 - services.exchange    - INFO     - Получено бирж: 1
21:03:53 - services.exchange    - INFO     - Запрос информации о биржах
21:03:53 - services.exchange    - INFO     - Получено бирж: 1
21:42:44 - services.clubs       - INFO     - Запрос информации о клубах
21:42:44 - services.clubs       - INFO     - Получено клубов: 5
21:43:50 - services.clubs       - INFO     - Запрос информации о клубах
21:43:50 - services.clubs       - INFO     - Получено клубов: 5
23:48:09 - services.clubs       - INFO     - Запрос информации о клубах
23:48:41 - services.clubs       - INFO     - Запрос информации о клубах
00:11:22 - services.clubs       - INFO     - Запрос информации о клубах
00:11:22 - services.clubs       - INFO     - Получено клубов: 0
00:15:36 - services.shares      - INFO     - Добавление   пользователя с акциями
00:15:36 - services.shares      - INFO     - Создано акций: 1
00:15:36 - services.shares      - INFO     - Пользователь сохранен: username=besttrader, ID=aa4fcfae-a89f-425c-944e-abd3fd0a8d61
01:00:10 - app.exceptions       - WARNING  - Invalid email domain: rikiheu@rambler.com
20:42:03 - services.clubs       - INFO     - Добавление клуба с игроками
20:42:03 - services.clubs       - INFO     - Создано игроков: 1
20:42:03 - services.clubs       - INFO     - Клуб добавлен: name=x69dcGtC4LyaKS L1E8HRIaZ BngxpXSMEK4BaIR4PJaG
20:42:09 - services.exchange    - INFO     - Добавление биржи с владельцем
20:42:09 - services.exchange    - INFO     - Биржа добавлена: ID=ff15e508-76ce-420b-89d6-f9d77d72cf67
20:42:16 - app.exceptions       - WARNING  - Invalid email domain: user@example.com
23:41:09 - services.clubs       - INFO     - Удаление клуба: ID=f0fcd396-7258-4bd0-9955-60ad5133bdd5
23:41:09 - services.clubs       - WARNING  - Клуб не найден: ID=f0fcd396-7258-4bd0-9955-60ad5133bdd5
23:41:09 - app.exceptions       - WARNING  - Club not found: id=f0fcd396-7258-4bd0-9955-60ad5133bdd5
23:42:28 - services.clubs       - INFO     - Удаление клуба: ID=f0fcd396-7258-4bd0-9955-60ad5133bdd5
23:42:29 - services.clubs       - WARNING  - Клуб не найден: ID=f0fcd396-7258-4bd0-9955-60ad5133bdd5
23:42:29 - app.exceptions       - WARNING  - Club not found: id=f0fcd396-7258-4bd0-9955-60ad5133bdd5
23:42:49 - services.clubs       - INFO     - Удаление клуба: ID=f0fcd396-7258-4bd0-9955-60ad5133bdd5
23:42:49 - services.clubs       - WARNING  - Клуб не найден: ID=f0fcd396-7258-4bd0-9955-60ad5133bdd5
23:42:49 - app.exceptions       - WARNING  - Club not found: id=f0fcd396-7258-4bd0-9955-60ad5133bdd5
23:46:04 - services.clubs       - INFO     - Удаление футболиста: ID=f0fcd396-7258-4bd0-9955-60ad5133bdd5
23:46:04 - services.clubs       - INFO     - Найден игрок для удаления: ID=f0fcd396-7258-4bd0-9955-60ad5133bdd5
23:46:04 - services.clubs       - INFO     - Игрок удален: ID=f0fcd396-7258-4bd0-9955-60ad5133bdd5
23:59:56 - services.shares      - INFO     - Удаление акции: ID=27520117-7cf6-47ca-b7c7-58fbde25875f
23:59:56 - services.shares      - WARNING  - Акция не найдена: ID=27520117-7cf6-47ca-b7c7-58fbde25875f
23:59:56 - app.exceptions       - WARNING  - Share not found: id=27520117-7cf6-47ca-b7c7-58fbde25875f
00:00:00 - services.shares      - INFO     - Удаление акции: ID=27520117-7cf6-47ca-b7c7-58fbde25876f
00:00:00 - services.shares      - WARNING  - Акция не найдена: ID=27520117-7cf6-47ca-b7c7-58fbde25876f
00:00:00 - app.exceptions       - WARNING  - Share not found: id=27520117-7cf6-47ca-b7c7-58fbde25876f
00:00:03 - services.shares      - INFO     - Удаление акции: ID=27520117-7cf6-47ca-b7c7-58fbde25876f
00:00:03 - services.shares      - WARNING  - Акция не найдена: ID=27520117-7cf6-47ca-b7c7-58fbde25876f
00:00:03 - app.exceptions       - WARNING  - Share not found: id=27520117-7cf6-47ca-b7c7-58fbde25876f
00:00:16 - services.shares      - INFO     - Удаление акции: ID=27520117-7cf6-47ca-b8c7-58fbde25876f
00:00:16 - services.shares      - INFO     - Найдена акция для удаления: ID=27520117-7cf6-47ca-b8c7-58fbde25876f
00:00:16 - services.shares      - INFO     - Акция удалена: ID=27520117-7cf6-47ca-b8c7-58fbde25876f
00:00:34 - services.shares      - INFO     - Удаление владельца акций: ID=aa4fcfae-a89f-425c-944e-abd3fd0a8d62
00:00:34 - services.shares      - WARNING  - Владелец акций не найден: ID=aa4fcfae-a89f-425c-944e-abd3fd0a8d62
00:00:34 - app.exceptions       - WARNING  - Owner not found: id=aa4fcfae-a89f-425c-944e-abd3fd0a8d62
00:00:37 - services.shares      - INFO     - Удаление владельца акций: ID=aa4fcfae-a89f-425c-944e-abd3fd0a8d61
00:00:37 - services.shares      - INFO     - Найден владелец акций для удаления: ID=aa4fcfae-a89f-425c-944e-abd3fd0a8d61
00:00:37 - services.shares      - INFO     - Владелец акций удален: ID=aa4fcfae-a89f-425c-944e-abd3fd0a8d61
00:22:21 - services.exchange    - INFO     - Найдена биржа для удаления: ID=ff15e508-76ce-420b-89d6-f9d77d72cf66
00:23:02 - services.exchange    - WARNING  - Биржа не найдена для удаления: ID=ff15e508-76ce-320b-89d6-f9d77d72cf67
00:23:02 - app.exceptions       - WARNING  - exchange not found: id=ff15e508-76ce-320b-89d6-f9d77d72cf67
00:23:17 - services.exchange    - INFO     - Найдена биржа для удаления: ID=ff15e508-76ce-420b-89d6-f9d77d72cf67
00:23:17 - services.exchange    - INFO     - Биржа удалена: ID=ff15e508-76ce-420b-89d6-f9d77d72cf67
00:23:37 - services.exchange    - WARNING  - Владелец не найден для удаления: ID=904f9ff3-2c78-444b-899c-fea116a8e1b4
00:23:37 - app.exceptions       - WARNING  - owner not found: id=904f9ff3-2c78-444b-899c-fea116a8e1b4
00:23:43 - services.exchange    - INFO     - Найден владелец для удаления: ID=904f9ff3-2c78-444b-899c-fea116a8e1b7
00:23:43 - services.exchange    - INFO     - Владелец удален: ID=904f9ff3-2c78-444b-899c-fea116a8e1b7
00:55:35 - app.exceptions       - WARNING  - user has future date: 3000-02-01
00:55:48 - app.exceptions       - WARNING  - user is underage: birth_date=2015-02-01
00:55:54 - services.shares      - INFO     - Добавление   пользователя с акциями
00:55:54 - services.shares      - INFO     - Создано акций: 1
00:58:31 - services.shares      - INFO     - Добавление   пользователя с акциями
00:58:31 - services.shares      - INFO     - Создано акций: 1
01:01:09 - services.shares      - INFO     - Добавление   пользователя с акциями
01:01:09 - services.shares      - INFO     - Создано акций: 1
01:01:09 - services.shares      - INFO     - Пользователь сохранен: username=p9el8C27oHY8TxMEWlp5Vj oaqRnWloV, ID=88b1b52b-f10c-41e5-a4cb-328182150689
01:03:06 - services.shares      - INFO     - Добавление   пользователя с акциями
01:03:06 - services.shares      - INFO     - Создано акций: 1
01:03:06 - services.shares      - INFO     - Пользователь сохранен: username=Jnx 2RhoS1Wm2BIOwVh7C8OBFvPw8ikNTcZsHc6csMsgzujufeiWhTI98cEb6jE3llyyIubuok, ID=e74c39f2-0be9-49a6-940a-af60112aeaa5
01:05:53 - services.shares      - INFO     - Добавление   пользователя с акциями
01:05:53 - services.shares      - INFO     - Создано акций: 1
01:05:53 - services.shares      - INFO     - Пользователь сохранен: username=GcNM-XPs6BEVaNj2 hpb7Srw4qfSmgmpyY-ubt8IGtetDfMXmpn jEUonAhKGyIATx9K3EiKh0PQw, ID=f413d513-2f84-4a81-98aa-336210390537
01:06:51 - services.shares      - INFO     - Добавление   пользователя с акциями
01:06:51 - services.shares      - INFO     - Создано акций: 1
01:09:38 - services.shares      - INFO     - Добавление   пользователя с акциями
01:09:38 - services.shares      - INFO     - Создано акций: 1
01:09:38 - services.shares      - INFO     - Пользователь сохранен: username=MjrdZuk 9er84dc2XdS5Q0Oiy-eg7-5ON8Kba5CECulWJRB6CNeAaYCE 2TdZK3XjPJS96s buPzFBrH2-unXzfyirA10T2B9, ID=8c5d3b0a-964b-4a87-9f72-3ab1063e6daa
17:28:09 - services.clubs       - INFO     - Запрос информации о клубах
17:36:04 - services.clubs       - INFO     - Запрос информации о клубах
17:36:04 - services.clubs       - INFO     - Получено клубов: 0
17:36:10 - services.clubs       - INFO     - Запрос информации о клубах
17:36:10 - services.clubs       - INFO     - Данные о клубах получены из redis-кеша
17:44:12 - services.exchange    - INFO     - Запрос информации о биржах
17:44:12 - services.exchange    - INFO     - Получено бирж: 0
17:44:14 - services.exchange    - INFO     - Запрос информации о биржах
17:44:14 - services.exchange    - INFO     - Данные бирж получены из Redis
17:44:19 - services.shares      - INFO     - Запрос информации об акциях
17:46:37 - services.shares      - INFO     - Запрос информации об акциях
17:46:37 - services.shares      - INFO     - Получено записей: 2
17:46:41 - services.shares      - INFO     - Запрос информации об акциях
17:46:41 - services.shares      - INFO     - Данные акций получены из Redis
21:01:27 - services.clubs       - INFO     - Запрос информации о клубах
21:01:28 - services.clubs       - INFO     - Получено клубов: 0
21:02:48 - services.clubs       - INFO     - Добавление клуба с игроками
21:02:48 - services.clubs       - INFO     - Создано игроков: 2
21:02:48 - services.clubs       - INFO     - Клуб добавлен: name=FC Barcelona
22:34:52 - services.exchange    - INFO     - Запрос информации о биржах
22:34:52 - services.exchange    - INFO     - Получено бирж: 0
22:35:33 - services.exchange    - INFO     - Добавление биржи с владельцем
22:35:33 - services.exchange    - INFO     - Биржа добавлена: ID=9b8d8710-2ade-4a2d-b099-e0c5a6317d7e
22:35:40 - services.exchange    - INFO     - Запрос информации о биржах
22:35:40 - services.exchange    - INFO     - Получено бирж: 1
22:35:43 - services.exchange    - INFO     - Запрос информации о биржах
22:35:43 - services.exchange    - INFO     - Данные бирж получены из Redis
21:00:01 - services.clubs       - INFO     - Запрос информации о клубах
21:47:39 - services.exchange    - INFO     - Запрос информации о биржах
21:56:40 - services.exchange    - INFO     - Запрос информации о биржах
21:56:41 - services.exchange    - INFO     - Получено бирж: 1
21:34:25 - services.exchange    - INFO     - Запрос информации о биржах
21:34:25 - services.exchange    - INFO     - Получено бирж: 1
21:36:17 - services.exchange    - INFO     - Добавление биржи с владельцем
21:36:17 - services.exchange    - INFO     - Биржа добавлена: ID=aecc9e12-c88d-4ea3-9cd9-c3a14054fede
22:35:29 - services.exchange    - INFO     - Запрос информации о биржах
22:35:29 - services.exchange    - INFO     - Получено бирж: 2
22:38:09 - services.exchange    - INFO     - Запрос информации о биржах
22:38:09 - services.exchange    - INFO     - Данные бирж получены из Redis
22:38:58 - services.exchange    - INFO     - Запрос информации о биржах
22:38:58 - services.exchange    - INFO     - Данные бирж получены из Redis
22:39:29 - services.exchange    - INFO     - Запрос информации о биржах
22:39:29 - services.exchange    - INFO     - Данные бирж получены из Redis
22:41:29 - services.exchange    - INFO     - Запрос информации о биржах
22:41:29 - services.exchange    - INFO     - Данные бирж получены из Redis
22:43:37 - services.exchange    - INFO     - Запрос информации о биржах
22:43:37 - services.exchange    - INFO     - Данные бирж получены из Redis
22:44:56 - services.exchange    - INFO     - Запрос информации о биржах
22:44:56 - services.exchange    - INFO     - Данные бирж получены из Redis
22:46:50 - services.exchange    - INFO     - Обновление биржи: ID=aecc9e12-c88d-4ea3-9cd9-c3a14054fede
22:46:50 - services.exchange    - INFO     - Биржа обновлена: ID=aecc9e12-c88d-4ea3-9cd9-c3a14054fede
22:46:58 - services.exchange    - INFO     - Запрос информации о биржах
22:46:58 - services.exchange    - INFO     - Получено бирж: 2
22:49:14 - services.exchange    - INFO     - Запрос информации о биржах
22:49:14 - services.exchange    - INFO     - Данные бирж получены из Redis
22:49:34 - services.exchange    - INFO     - Запрос информации о биржах
22:49:34 - services.exchange    - INFO     - Данные бирж получены из Redis
22:30:57 - services.exchange    - INFO     - Запрос информации о биржах
22:30:57 - services.exchange    - INFO     - Получено бирж: 0
22:31:31 - services.exchange    - INFO     - Добавление биржи с владельцем
22:32:45 - services.exchange    - INFO     - Добавление биржи с владельцем
22:36:40 - services.exchange    - INFO     - Добавление биржи с владельцем
22:36:40 - httpx                - INFO     - HTTP Request: GET http://127.0.0.1:8001//exchange/Binance "HTTP/1.1 404 Not Found"
22:58:36 - services.exchange    - INFO     - Добавление биржи с владельцем
22:58:37 - httpx                - INFO     - HTTP Request: GET http://127.0.0.1:8001/exchange/Binance "HTTP/1.1 200 OK"
22:58:37 - services.exchange    - INFO     - Биржа добавлена: ID=7df3efb0-4cad-435b-a814-29f0753bb96a
22:58:46 - services.exchange    - INFO     - Запрос информации о биржах
22:58:46 - services.exchange    - INFO     - Получено бирж: 1
22:58:52 - services.exchange    - INFO     - Запрос информации о биржах
22:58:52 - services.exchange    - INFO     - Данные бирж получены из Redis
22:58:53 - services.exchange    - INFO     - Запрос информации о биржах
22:58:53 - services.exchange    - INFO     - Данные бирж получены из Redis
22:58:55 - services.exchange    - INFO     - Запрос информации о биржах
22:58:55 - services.exchange    - INFO     - Данные бирж получены из Redis
23:00:24 - services.exchange    - INFO     - Запрос информации о биржах
23:00:24 - services.exchange    - INFO     - Данные бирж получены из Redis
23:00:48 - services.exchange    - INFO     - Запрос информации о биржах
23:00:48 - services.exchange    - INFO     - Данные бирж получены из Redis
23:04:28 - services.exchange    - INFO     - Запрос информации о биржах
23:04:28 - services.exchange    - INFO     - Получено бирж: 1
23:04:33 - services.exchange    - INFO     - Запрос информации о биржах
23:04:33 - services.exchange    - INFO     - Данные бирж получены из Redis
00:01:13 - services.exchange    - INFO     - Получение биржи по ее названию
00:01:51 - services.exchange    - INFO     - Получение биржи по ее названию
00:01:52 - httpx                - INFO     - HTTP Request: GET http://127.0.0.1:8001/exchange/Binance "HTTP/1.1 200 OK"
00:01:52 - services.exchange    - INFO     - Биржа найдена: name=Binance
